<?xml version="1.0" encoding="UTF-8"?>
<!-- Generated by org.testng.reporters.JUnitXMLReporter -->
<testsuite ignored="0" hostname="EC2AMAZ-S11DBRH" failures="0" tests="3" name="Default test" time="0.066" errors="0" timestamp="2023-08-18T05:32:15 GMT">
  <testcase classname="parallelScript.Sample2" name="JavaTestTest" time="0.012"/>
  <testcase classname="parallelScript.Sample2" name="PythonTestTest" time="0.002"/>
  <testcase classname="parallelScript.Sample2" name="SeleniumTestTest" time="0.002"/>
</testsuite> <!-- Default test -->
