<?xml version="1.0" encoding="UTF-8"?>
<!-- Generated by org.testng.reporters.JUnitXMLReporter -->
<testsuite ignored="0" hostname="EC2AMAZ-S11DBRH" failures="0" tests="8" name="Test2" time="0.116" errors="0" timestamp="2023-08-18T06:35:47 GMT">
  <testcase classname="parallelScript.Sample3" name="JavaTestTest" time="0.01"/>
  <testcase classname="parallelScript.Sample3" name="PythonTestTest" time="0.002"/>
  <testcase classname="parallelScript.Sample3" name="SeleniumTestTest" time="0.012"/>
  <testcase classname="parallelScript.Sample3" name="SeleniumTestTest" time="0.013"/>
  <testcase classname="parallelScript.Sample3" name="SeleniumTestTest" time="0.022"/>
  <testcase classname="parallelScript.Sample3" name="SeleniumTestTest" time="0.015"/>
  <testcase classname="parallelScript.Sample3" name="SeleniumTestTest" time="0.018"/>
  <testcase classname="parallelScript.Sample3" name="SeleniumTestTest" time="0.013"/>
</testsuite> <!-- Test2 -->
