<?xml version="1.0" encoding="UTF-8"?>
<!-- Generated by org.testng.reporters.JUnitXMLReporter -->
<testsuite ignored="0" hostname="EC2AMAZ-S11DBRH" failures="0" tests="6" name="Test" time="0.083" errors="0" timestamp="2023-08-18T06:03:30 GMT">
  <testcase classname="parallelScript.Sample1" name="JavaTestTest" time="0.011"/>
  <testcase classname="parallelScript.Sample1" name="PythonTestTest" time="0.002"/>
  <testcase classname="parallelScript.Sample1" name="SeleniumTestTest" time="0.003"/>
  <testcase classname="parallelScript.Sample2" name="JavaTestTest" time="0.003"/>
  <testcase classname="parallelScript.Sample2" name="PythonTestTest" time="0.003"/>
  <testcase classname="parallelScript.Sample2" name="SeleniumTestTest" time="0.001"/>
</testsuite> <!-- Test -->
