<?xml version="1.0" encoding="UTF-8"?>
<!-- Generated by org.testng.reporters.JUnitXMLReporter -->
<testsuite ignored="0" hostname="EC2AMAZ-S11DBRH" failures="0" tests="8" name="Test2" time="0.15" errors="0" timestamp="2023-08-18T06:03:30 GMT">
  <testcase classname="parallelScript.Sample3" name="JavaTestTest" time="0.011"/>
  <testcase classname="parallelScript.Sample3" name="PythonTestTest" time="0.002"/>
  <testcase classname="parallelScript.Sample3" name="SeleniumTestTest" time="0.019"/>
  <testcase classname="parallelScript.Sample3" name="SeleniumTestTest" time="0.026"/>
  <testcase classname="parallelScript.Sample3" name="SeleniumTestTest" time="0.032"/>
  <testcase classname="parallelScript.Sample3" name="SeleniumTestTest" time="0.015"/>
  <testcase classname="parallelScript.Sample3" name="SeleniumTestTest" time="0.033"/>
  <testcase classname="parallelScript.Sample3" name="SeleniumTestTest" time="0.033"/>
</testsuite> <!-- Test2 -->
