<?xml version="1.0" encoding="UTF-8"?>
<!-- Generated by org.testng.reporters.JUnitXMLReporter -->
<testsuite ignored="0" hostname="EC2AMAZ-S11DBRH" failures="0" tests="3" name="Test" time="0.068" errors="0" timestamp="2023-08-18T05:14:52 GMT">
  <testcase classname="grouping.GroupingTestTest" name="JavaTestTest" time="0.008"/>
  <testcase classname="grouping.GroupingTestTest" name="PythonTestTest" time="0.0"/>
  <testcase classname="grouping.GroupingTestTest" name="SeleniumTestTest" time="0.001"/>
</testsuite> <!-- Test -->
