<?xml version="1.0" encoding="UTF-8"?>
<testng-results ignored="0" total="3" passed="3" failed="0" skipped="0">
  <reporter-output>
  </reporter-output>
  <suite started-at="2023-08-18T05:14:52 GMT" name="Suite" finished-at="2023-08-18T05:14:52 GMT" duration-ms="68">
    <groups>
    </groups>
    <test started-at="2023-08-18T05:14:52 GMT" name="Test" finished-at="2023-08-18T05:14:52 GMT" duration-ms="68">
      <class name="grouping.GroupingTestTest">
        <test-method signature="JavaTestTest()[pri:0, instance:grouping.GroupingTestTest@48f278eb]" started-at="2023-08-18T05:14:52 GMT" name="JavaTestTest" finished-at="2023-08-18T05:14:52 GMT" duration-ms="8" status="PASS">
          <reporter-output>
          </reporter-output>
        </test-method> <!-- JavaTestTest -->
        <test-method signature="PythonTestTest()[pri:0, instance:grouping.GroupingTestTest@48f278eb]" started-at="2023-08-18T05:14:52 GMT" name="PythonTestTest" finished-at="2023-08-18T05:14:52 GMT" duration-ms="0" status="PASS">
          <reporter-output>
          </reporter-output>
        </test-method> <!-- PythonTestTest -->
        <test-method signature="SeleniumTestTest()[pri:0, instance:grouping.GroupingTestTest@48f278eb]" started-at="2023-08-18T05:14:52 GMT" name="SeleniumTestTest" finished-at="2023-08-18T05:14:52 GMT" duration-ms="1" status="PASS">
          <reporter-output>
          </reporter-output>
        </test-method> <!-- SeleniumTestTest -->
      </class> <!-- grouping.GroupingTestTest -->
    </test> <!-- Test -->
  </suite> <!-- Suite -->
</testng-results>
