<?xml version="1.0" encoding="UTF-8"?>
<testng-results ignored="0" total="2" passed="2" failed="0" skipped="0">
  <reporter-output>
  </reporter-output>
  <suite started-at="2023-08-18T07:00:07 GMT" name="Suite" finished-at="2023-08-18T07:00:25 GMT" duration-ms="17845">
    <groups>
    </groups>
    <test started-at="2023-08-18T07:00:07 GMT" name="Test" finished-at="2023-08-18T07:00:25 GMT" duration-ms="17845">
      <class name="testNgreports.ReportTest">
        <test-method is-config="true" signature="setupExtent()[pri:0, instance:testNgreports.ReportTest@27ff5d15]" started-at="2023-08-18T07:00:07 GMT" name="setupExtent" finished-at="2023-08-18T07:00:07 GMT" duration-ms="388" status="PASS">
          <reporter-output>
          </reporter-output>
        </test-method> <!-- setupExtent -->
        <test-method is-config="true" signature="setup()[pri:0, instance:testNgreports.ReportTest@27ff5d15]" started-at="2023-08-18T07:00:07 GMT" name="setup" finished-at="2023-08-18T07:00:10 GMT" duration-ms="2895" status="PASS">
          <reporter-output>
          </reporter-output>
        </test-method> <!-- setup -->
        <test-method signature="Cucmber()[pri:0, instance:testNgreports.ReportTest@27ff5d15]" started-at="2023-08-18T07:00:10 GMT" name="Cucmber" finished-at="2023-08-18T07:00:14 GMT" duration-ms="3780" status="PASS">
          <reporter-output>
          </reporter-output>
        </test-method> <!-- Cucmber -->
        <test-method is-config="true" signature="teardown()[pri:0, instance:testNgreports.ReportTest@27ff5d15]" started-at="2023-08-18T07:00:14 GMT" name="teardown" finished-at="2023-08-18T07:00:16 GMT" duration-ms="2150" status="PASS">
          <reporter-output>
          </reporter-output>
        </test-method> <!-- teardown -->
        <test-method is-config="true" signature="setup()[pri:0, instance:testNgreports.ReportTest@27ff5d15]" started-at="2023-08-18T07:00:16 GMT" name="setup" finished-at="2023-08-18T07:00:18 GMT" duration-ms="1574" status="PASS">
          <reporter-output>
          </reporter-output>
        </test-method> <!-- setup -->
        <test-method signature="TutorialTest()[pri:0, instance:testNgreports.ReportTest@27ff5d15]" started-at="2023-08-18T07:00:18 GMT" name="TutorialTest" finished-at="2023-08-18T07:00:22 GMT" duration-ms="4460" status="PASS">
          <reporter-output>
          </reporter-output>
        </test-method> <!-- TutorialTest -->
        <test-method is-config="true" signature="teardown()[pri:0, instance:testNgreports.ReportTest@27ff5d15]" started-at="2023-08-18T07:00:22 GMT" name="teardown" finished-at="2023-08-18T07:00:24 GMT" duration-ms="2091" status="PASS">
          <reporter-output>
          </reporter-output>
        </test-method> <!-- teardown -->
        <test-method is-config="true" signature="finishExtent()[pri:0, instance:testNgreports.ReportTest@27ff5d15]" started-at="2023-08-18T07:00:24 GMT" name="finishExtent" finished-at="2023-08-18T07:00:25 GMT" duration-ms="465" status="PASS">
          <reporter-output>
          </reporter-output>
        </test-method> <!-- finishExtent -->
      </class> <!-- testNgreports.ReportTest -->
    </test> <!-- Test -->
  </suite> <!-- Suite -->
</testng-results>
